{"/app/src/components/BiasExplainer.tsx": {"path":"/app/src/components/BiasExplainer.tsx","statementMap":{"0":{"start":{"line":1,"column":0},"end":{"line":1,"column":40}},"1":{"start":{"line":2,"column":0},"end":{"line":2,"column":49}},"2":{"start":{"line":3,"column":0},"end":{"line":3,"column":26}},"3":{"start":{"line":4,"column":0},"end":{"line":4,"column":58}},"4":{"start":{"line":47,"column":59},"end":{"line":389,"column":1}},"5":{"start":{"line":50,"column":32},"end":{"line":50,"column":44}},"6":{"start":{"line":51,"column":38},"end":{"line":51,"column":50}},"7":{"start":{"line":52,"column":40},"end":{"line":52,"column":55}},"8":{"start":{"line":53,"column":40},"end":{"line":53,"column":62}},"9":{"start":{"line":56,"column":2},"end":{"line":71,"column":5}},"10":{"start":{"line":59,"column":6},"end":{"line":69,"column":7}},"11":{"start":{"line":60,"column":25},"end":{"line":60,"column":93}},"12":{"start":{"line":61,"column":34},"end":{"line":63,"column":10}},"13":{"start":{"line":62,"column":52},"end":{"line":62,"column":64}},"14":{"start":{"line":64,"column":8},"end":{"line":64,"column":42}},"15":{"start":{"line":65,"column":8},"end":{"line":65,"column":33}},"16":{"start":{"line":67,"column":8},"end":{"line":67,"column":60}},"17":{"start":{"line":68,"column":8},"end":{"line":68,"column":18}},"18":{"start":{"line":73,"column":68},"end":{"line":83,"column":4}},"19":{"start":{"line":76,"column":23},"end":{"line":79,"column":8}},"20":{"start":{"line":80,"column":6},"end":{"line":80,"column":27}},"21":{"start":{"line":85,"column":25},"end":{"line":94,"column":3}},"22":{"start":{"line":86,"column":4},"end":{"line":86,"column":32}},"23":{"start":{"line":86,"column":25},"end":{"line":86,"column":32}},"24":{"start":{"line":88,"column":4},"end":{"line":88,"column":25}},"25":{"start":{"line":89,"column":4},"end":{"line":93,"column":5}},"26":{"start":{"line":90,"column":6},"end":{"line":90,"column":22}},"27":{"start":{"line":92,"column":6},"end":{"line":92,"column":28}},"28":{"start":{"line":96,"column":23},"end":{"line":102,"column":3}},"29":{"start":{"line":97,"column":4},"end":{"line":97,"column":58}},"30":{"start":{"line":97,"column":21},"end":{"line":97,"column":58}},"31":{"start":{"line":98,"column":4},"end":{"line":98,"column":60}},"32":{"start":{"line":98,"column":21},"end":{"line":98,"column":60}},"33":{"start":{"line":99,"column":4},"end":{"line":99,"column":61}},"34":{"start":{"line":99,"column":22},"end":{"line":99,"column":61}},"35":{"start":{"line":100,"column":4},"end":{"line":100,"column":63}},"36":{"start":{"line":100,"column":22},"end":{"line":100,"column":63}},"37":{"start":{"line":101,"column":4},"end":{"line":101,"column":30}},"38":{"start":{"line":104,"column":23},"end":{"line":110,"column":3}},"39":{"start":{"line":105,"column":4},"end":{"line":105,"column":56}},"40":{"start":{"line":105,"column":21},"end":{"line":105,"column":56}},"41":{"start":{"line":106,"column":4},"end":{"line":106,"column":55}},"42":{"start":{"line":106,"column":21},"end":{"line":106,"column":55}},"43":{"start":{"line":107,"column":4},"end":{"line":107,"column":57}},"44":{"start":{"line":107,"column":22},"end":{"line":107,"column":57}},"45":{"start":{"line":108,"column":4},"end":{"line":108,"column":56}},"46":{"start":{"line":108,"column":22},"end":{"line":108,"column":56}},"47":{"start":{"line":109,"column":4},"end":{"line":109,"column":39}},"48":{"start":{"line":112,"column":2},"end":{"line":388,"column":4}},"49":{"start":{"line":126,"column":29},"end":{"line":126,"column":55}},"50":{"start":{"line":139,"column":29},"end":{"line":139,"column":58}},"51":{"start":{"line":143,"column":14},"end":{"line":143,"column":30}},"52":{"start":{"line":201,"column":37},"end":{"line":201,"column":93}},"53":{"start":{"line":201,"column":82},"end":{"line":201,"column":92}},"54":{"start":{"line":202,"column":39},"end":{"line":202,"column":97}},"55":{"start":{"line":202,"column":86},"end":{"line":202,"column":96}},"56":{"start":{"line":205,"column":42},"end":{"line":205,"column":66}},"57":{"start":{"line":206,"column":37},"end":{"line":206,"column":91}},"58":{"start":{"line":209,"column":32},"end":{"line":209,"column":77}},"59":{"start":{"line":210,"column":34},"end":{"line":210,"column":49}},"60":{"start":{"line":212,"column":18},"end":{"line":215,"column":19}},"61":{"start":{"line":213,"column":20},"end":{"line":213,"column":75}},"62":{"start":{"line":214,"column":20},"end":{"line":214,"column":87}},"63":{"start":{"line":216,"column":18},"end":{"line":219,"column":19}},"64":{"start":{"line":217,"column":20},"end":{"line":217,"column":75}},"65":{"start":{"line":218,"column":20},"end":{"line":218,"column":87}},"66":{"start":{"line":221,"column":18},"end":{"line":231,"column":20}},"67":{"start":{"line":257,"column":72},"end":{"line":257,"column":76}},"68":{"start":{"line":279,"column":74},"end":{"line":279,"column":78}},"69":{"start":{"line":301,"column":87},"end":{"line":301,"column":91}},"70":{"start":{"line":47,"column":13},"end":{"line":47,"column":59}}},"fnMap":{"0":{"name":"(anonymous_1)","decl":{"start":{"line":47,"column":59},"end":{"line":47,"column":60}},"loc":{"start":{"line":49,"column":5},"end":{"line":389,"column":1}}},"1":{"name":"(anonymous_2)","decl":{"start":{"line":58,"column":13},"end":{"line":58,"column":18}},"loc":{"start":{"line":58,"column":24},"end":{"line":70,"column":5}}},"2":{"name":"(anonymous_3)","decl":{"start":{"line":62,"column":47},"end":{"line":62,"column":48}},"loc":{"start":{"line":62,"column":52},"end":{"line":62,"column":64}}},"3":{"name":"(anonymous_4)","decl":{"start":{"line":75,"column":13},"end":{"line":75,"column":18}},"loc":{"start":{"line":75,"column":24},"end":{"line":81,"column":5}}},"4":{"name":"(anonymous_5)","decl":{"start":{"line":85,"column":25},"end":{"line":85,"column":30}},"loc":{"start":{"line":85,"column":36},"end":{"line":94,"column":3}}},"5":{"name":"(anonymous_6)","decl":{"start":{"line":96,"column":23},"end":{"line":96,"column":24}},"loc":{"start":{"line":96,"column":41},"end":{"line":102,"column":3}}},"6":{"name":"(anonymous_7)","decl":{"start":{"line":104,"column":23},"end":{"line":104,"column":24}},"loc":{"start":{"line":104,"column":41},"end":{"line":110,"column":3}}},"7":{"name":"(anonymous_8)","decl":{"start":{"line":126,"column":22},"end":{"line":126,"column":23}},"loc":{"start":{"line":126,"column":29},"end":{"line":126,"column":55}}},"8":{"name":"(anonymous_9)","decl":{"start":{"line":139,"column":22},"end":{"line":139,"column":23}},"loc":{"start":{"line":139,"column":29},"end":{"line":139,"column":58}}},"9":{"name":"(anonymous_10)","decl":{"start":{"line":142,"column":29},"end":{"line":142,"column":30}},"loc":{"start":{"line":143,"column":14},"end":{"line":143,"column":30}}},"10":{"name":"(anonymous_11)","decl":{"start":{"line":199,"column":40},"end":{"line":199,"column":41}},"loc":{"start":{"line":199,"column":53},"end":{"line":232,"column":17}}},"11":{"name":"(anonymous_12)","decl":{"start":{"line":201,"column":77},"end":{"line":201,"column":78}},"loc":{"start":{"line":201,"column":82},"end":{"line":201,"column":92}}},"12":{"name":"(anonymous_13)","decl":{"start":{"line":202,"column":81},"end":{"line":202,"column":82}},"loc":{"start":{"line":202,"column":86},"end":{"line":202,"column":96}}},"13":{"name":"(anonymous_14)","decl":{"start":{"line":257,"column":67},"end":{"line":257,"column":68}},"loc":{"start":{"line":257,"column":72},"end":{"line":257,"column":76}}},"14":{"name":"(anonymous_15)","decl":{"start":{"line":279,"column":69},"end":{"line":279,"column":70}},"loc":{"start":{"line":279,"column":74},"end":{"line":279,"column":78}}},"15":{"name":"(anonymous_16)","decl":{"start":{"line":301,"column":82},"end":{"line":301,"column":83}},"loc":{"start":{"line":301,"column":87},"end":{"line":301,"column":91}}}},"branchMap":{"0":{"loc":{"start":{"line":48,"column":2},"end":{"line":48,"column":16}},"type":"default-arg","locations":[{"start":{"line":48,"column":14},"end":{"line":48,"column":16}}]},"1":{"loc":{"start":{"line":78,"column":20},"end":{"line":78,"column":43}},"type":"binary-expr","locations":[{"start":{"line":78,"column":20},"end":{"line":78,"column":30}},{"start":{"line":78,"column":34},"end":{"line":78,"column":43}}]},"2":{"loc":{"start":{"line":86,"column":4},"end":{"line":86,"column":32}},"type":"if","locations":[{"start":{"line":86,"column":4},"end":{"line":86,"column":32}}]},"3":{"loc":{"start":{"line":97,"column":4},"end":{"line":97,"column":58}},"type":"if","locations":[{"start":{"line":97,"column":4},"end":{"line":97,"column":58}}]},"4":{"loc":{"start":{"line":98,"column":4},"end":{"line":98,"column":60}},"type":"if","locations":[{"start":{"line":98,"column":4},"end":{"line":98,"column":60}}]},"5":{"loc":{"start":{"line":99,"column":4},"end":{"line":99,"column":61}},"type":"if","locations":[{"start":{"line":99,"column":4},"end":{"line":99,"column":61}}]},"6":{"loc":{"start":{"line":100,"column":4},"end":{"line":100,"column":63}},"type":"if","locations":[{"start":{"line":100,"column":4},"end":{"line":100,"column":63}}]},"7":{"loc":{"start":{"line":105,"column":4},"end":{"line":105,"column":56}},"type":"if","locations":[{"start":{"line":105,"column":4},"end":{"line":105,"column":56}}]},"8":{"loc":{"start":{"line":106,"column":4},"end":{"line":106,"column":55}},"type":"if","locations":[{"start":{"line":106,"column":4},"end":{"line":106,"column":55}}]},"9":{"loc":{"start":{"line":107,"column":4},"end":{"line":107,"column":57}},"type":"if","locations":[{"start":{"line":107,"column":4},"end":{"line":107,"column":57}}]},"10":{"loc":{"start":{"line":108,"column":4},"end":{"line":108,"column":56}},"type":"if","locations":[{"start":{"line":108,"column":4},"end":{"line":108,"column":56}}]},"11":{"loc":{"start":{"line":154,"column":22},"end":{"line":154,"column":52}},"type":"binary-expr","locations":[{"start":{"line":154,"column":22},"end":{"line":154,"column":33}},{"start":{"line":154,"column":37},"end":{"line":154,"column":52}}]},"12":{"loc":{"start":{"line":157,"column":13},"end":{"line":157,"column":79}},"type":"binary-expr","locations":[{"start":{"line":157,"column":13},"end":{"line":157,"column":24}},{"start":{"line":157,"column":28},"end":{"line":157,"column":79}}]},"13":{"loc":{"start":{"line":163,"column":7},"end":{"line":166,"column":null}},"type":"binary-expr","locations":[{"start":{"line":163,"column":7},"end":{"line":163,"column":16}},{"start":{"line":164,"column":8},"end":{"line":165,"column":null}}]},"14":{"loc":{"start":{"line":169,"column":7},"end":{"line":176,"column":null}},"type":"binary-expr","locations":[{"start":{"line":169,"column":7},"end":{"line":169,"column":14}},{"start":{"line":170,"column":8},"end":{"line":175,"column":null}}]},"15":{"loc":{"start":{"line":174,"column":37},"end":{"line":174,"column":88}},"type":"binary-expr","locations":[{"start":{"line":174,"column":37},"end":{"line":174,"column":60}},{"start":{"line":174,"column":64},"end":{"line":174,"column":88}}]},"16":{"loc":{"start":{"line":179,"column":7},"end":{"line":385,"column":null}},"type":"binary-expr","locations":[{"start":{"line":179,"column":7},"end":{"line":179,"column":18}},{"start":{"line":179,"column":22},"end":{"line":179,"column":32}},{"start":{"line":180,"column":8},"end":{"line":384,"column":null}}]},"17":{"loc":{"start":{"line":184,"column":14},"end":{"line":184,"column":null}},"type":"cond-expr","locations":[{"start":{"line":184,"column":54},"end":{"line":184,"column":83}},{"start":{"line":184,"column":86},"end":{"line":184,"column":null}}]},"18":{"loc":{"start":{"line":206,"column":37},"end":{"line":206,"column":91}},"type":"cond-expr","locations":[{"start":{"line":206,"column":62},"end":{"line":206,"column":75}},{"start":{"line":206,"column":78},"end":{"line":206,"column":91}}]},"19":{"loc":{"start":{"line":212,"column":18},"end":{"line":215,"column":19}},"type":"if","locations":[{"start":{"line":212,"column":18},"end":{"line":215,"column":19}}]},"20":{"loc":{"start":{"line":214,"column":32},"end":{"line":214,"column":86}},"type":"cond-expr","locations":[{"start":{"line":214,"column":56},"end":{"line":214,"column":68}},{"start":{"line":214,"column":71},"end":{"line":214,"column":86}}]},"21":{"loc":{"start":{"line":216,"column":18},"end":{"line":219,"column":19}},"type":"if","locations":[{"start":{"line":216,"column":18},"end":{"line":219,"column":19}}]},"22":{"loc":{"start":{"line":218,"column":32},"end":{"line":218,"column":86}},"type":"cond-expr","locations":[{"start":{"line":218,"column":56},"end":{"line":218,"column":68}},{"start":{"line":218,"column":71},"end":{"line":218,"column":86}}]},"23":{"loc":{"start":{"line":256,"column":20},"end":{"line":258,"column":30}},"type":"cond-expr","locations":[{"start":{"line":257,"column":24},"end":{"line":257,"column":88}},{"start":{"line":258,"column":24},"end":{"line":258,"column":30}}]},"24":{"loc":{"start":{"line":278,"column":20},"end":{"line":280,"column":30}},"type":"cond-expr","locations":[{"start":{"line":279,"column":24},"end":{"line":279,"column":90}},{"start":{"line":280,"column":24},"end":{"line":280,"column":30}}]},"25":{"loc":{"start":{"line":300,"column":20},"end":{"line":302,"column":30}},"type":"cond-expr","locations":[{"start":{"line":301,"column":24},"end":{"line":301,"column":103}},{"start":{"line":302,"column":24},"end":{"line":302,"column":30}}]},"26":{"loc":{"start":{"line":310,"column":11},"end":{"line":339,"column":null}},"type":"binary-expr","locations":[{"start":{"line":310,"column":11},"end":{"line":310,"column":41}},{"start":{"line":311,"column":12},"end":{"line":338,"column":null}}]},"27":{"loc":{"start":{"line":318,"column":39},"end":{"line":320,"column":40}},"type":"cond-expr","locations":[{"start":{"line":319,"column":24},"end":{"line":319,"column":40}},{"start":{"line":320,"column":24},"end":{"line":320,"column":40}}]},"28":{"loc":{"start":{"line":324,"column":30},"end":{"line":324,"column":102}},"type":"cond-expr","locations":[{"start":{"line":324,"column":85},"end":{"line":324,"column":91}},{"start":{"line":324,"column":94},"end":{"line":324,"column":102}}]},"29":{"loc":{"start":{"line":329,"column":20},"end":{"line":329,"column":null}},"type":"cond-expr","locations":[{"start":{"line":329,"column":89},"end":{"line":329,"column":103}},{"start":{"line":329,"column":106},"end":{"line":329,"column":null}}]},"30":{"loc":{"start":{"line":332,"column":22},"end":{"line":332,"column":126}},"type":"cond-expr","locations":[{"start":{"line":332,"column":91},"end":{"line":332,"column":108}},{"start":{"line":332,"column":111},"end":{"line":332,"column":126}}]},"31":{"loc":{"start":{"line":346,"column":13},"end":{"line":382,"column":null}},"type":"cond-expr","locations":[{"start":{"line":347,"column":14},"end":{"line":374,"column":null}},{"start":{"line":377,"column":14},"end":{"line":381,"column":null}}]},"32":{"loc":{"start":{"line":349,"column":18},"end":{"line":349,"column":null}},"type":"cond-expr","locations":[{"start":{"line":349,"column":59},"end":{"line":349,"column":71}},{"start":{"line":349,"column":74},"end":{"line":349,"column":null}}]},"33":{"loc":{"start":{"line":352,"column":20},"end":{"line":352,"column":94}},"type":"cond-expr","locations":[{"start":{"line":352,"column":61},"end":{"line":352,"column":76}},{"start":{"line":352,"column":79},"end":{"line":352,"column":94}}]},"34":{"loc":{"start":{"line":355,"column":21},"end":{"line":355,"column":81}},"type":"cond-expr","locations":[{"start":{"line":355,"column":62},"end":{"line":355,"column":69}},{"start":{"line":355,"column":72},"end":{"line":355,"column":81}}]},"35":{"loc":{"start":{"line":365,"column":21},"end":{"line":371,"column":null}},"type":"binary-expr","locations":[{"start":{"line":365,"column":21},"end":{"line":365,"column":51}},{"start":{"line":366,"column":22},"end":{"line":369,"column":null}}]},"36":{"loc":{"start":{"line":367,"column":25},"end":{"line":369,"column":133}},"type":"cond-expr","locations":[{"start":{"line":368,"column":28},"end":{"line":368,"column":111}},{"start":{"line":369,"column":28},"end":{"line":369,"column":133}}]}},"s":{"0":2,"1":2,"2":2,"3":2,"4":2,"5":8,"6":8,"7":8,"8":8,"9":8,"10":3,"11":3,"12":3,"13":5,"14":2,"15":2,"16":1,"17":1,"18":8,"19":1,"20":1,"21":8,"22":1,"23":0,"24":1,"25":1,"26":1,"27":1,"28":8,"29":2,"30":2,"31":0,"32":0,"33":0,"34":0,"35":0,"36":0,"37":0,"38":8,"39":2,"40":2,"41":0,"42":0,"43":0,"44":0,"45":0,"46":0,"47":0,"48":8,"49":1,"50":0,"51":5,"52":14,"53":14,"54":14,"55":0,"56":14,"57":14,"58":14,"59":14,"60":14,"61":2,"62":2,"63":14,"64":0,"65":0,"66":14,"67":2,"68":0,"69":2,"70":2},"f":{"0":8,"1":3,"2":5,"3":1,"4":1,"5":2,"6":2,"7":1,"8":0,"9":5,"10":14,"11":14,"12":0,"13":2,"14":0,"15":2},"b":{"0":[8],"1":[1,1],"2":[0],"3":[2],"4":[0],"5":[0],"6":[0],"7":[2],"8":[0],"9":[0],"10":[0],"11":[8,6],"12":[8,2],"13":[8,1],"14":[8,0],"15":[0,0],"16":[8,2,2],"17":[2,0],"18":[12,2],"19":[2],"20":[2,0],"21":[0],"22":[0,0],"23":[2,0],"24":[0,2],"25":[2,0],"26":[2,0],"27":[0,0],"28":[0,0],"29":[0,0],"30":[0,0],"31":[2,0],"32":[2,0],"33":[2,0],"34":[2,0],"35":[2,0],"36":[0,0]}}
,"/app/src/components/ProfessorBiasDashboard.tsx": {"path":"/app/src/components/ProfessorBiasDashboard.tsx","statementMap":{"0":{"start":{"line":1,"column":0},"end":{"line":1,"column":49}},"1":{"start":{"line":2,"column":0},"end":{"line":2,"column":49}},"2":{"start":{"line":3,"column":0},"end":{"line":3,"column":26}},"3":{"start":{"line":4,"column":0},"end":{"line":4,"column":69}},"4":{"start":{"line":5,"column":0},"end":{"line":5,"column":48}},"5":{"start":{"line":39,"column":77},"end":{"line":316,"column":1}},"6":{"start":{"line":43,"column":44},"end":{"line":43,"column":59}},"7":{"start":{"line":46,"column":60},"end":{"line":54,"column":4}},"8":{"start":{"line":49,"column":23},"end":{"line":49,"column":111}},"9":{"start":{"line":50,"column":6},"end":{"line":50,"column":18}},"10":{"start":{"line":57,"column":35},"end":{"line":65,"column":4}},"11":{"start":{"line":60,"column":6},"end":{"line":60,"column":49}},"12":{"start":{"line":60,"column":37},"end":{"line":60,"column":49}},"13":{"start":{"line":61,"column":23},"end":{"line":61,"column":84}},"14":{"start":{"line":62,"column":6},"end":{"line":62,"column":96}},"15":{"start":{"line":62,"column":51},"end":{"line":62,"column":94}},"16":{"start":{"line":67,"column":28},"end":{"line":80,"column":22}},"17":{"start":{"line":68,"column":4},"end":{"line":68,"column":37}},"18":{"start":{"line":68,"column":25},"end":{"line":68,"column":37}},"19":{"start":{"line":70,"column":21},"end":{"line":70,"column":84}},"20":{"start":{"line":70,"column":64},"end":{"line":70,"column":83}},"21":{"start":{"line":71,"column":23},"end":{"line":71,"column":88}},"22":{"start":{"line":71,"column":66},"end":{"line":71,"column":87}},"23":{"start":{"line":73,"column":4},"end":{"line":73,"column":46}},"24":{"start":{"line":73,"column":34},"end":{"line":73,"column":46}},"25":{"start":{"line":75,"column":4},"end":{"line":79,"column":6}},"26":{"start":{"line":82,"column":28},"end":{"line":87,"column":3}},"27":{"start":{"line":83,"column":21},"end":{"line":83,"column":36}},"28":{"start":{"line":84,"column":4},"end":{"line":84,"column":60}},"29":{"start":{"line":84,"column":24},"end":{"line":84,"column":60}},"30":{"start":{"line":85,"column":4},"end":{"line":85,"column":99}},"31":{"start":{"line":85,"column":24},"end":{"line":85,"column":99}},"32":{"start":{"line":86,"column":4},"end":{"line":86,"column":81}},"33":{"start":{"line":89,"column":23},"end":{"line":100,"column":3}},"34":{"start":{"line":90,"column":21},"end":{"line":90,"column":36}},"35":{"start":{"line":91,"column":4},"end":{"line":91,"column":57}},"36":{"start":{"line":91,"column":24},"end":{"line":91,"column":57}},"37":{"start":{"line":92,"column":4},"end":{"line":96,"column":5}},"38":{"start":{"line":93,"column":6},"end":{"line":95,"column":51}},"39":{"start":{"line":97,"column":4},"end":{"line":99,"column":54}},"40":{"start":{"line":102,"column":2},"end":{"line":112,"column":3}},"41":{"start":{"line":103,"column":4},"end":{"line":111,"column":6}},"42":{"start":{"line":114,"column":2},"end":{"line":120,"column":3}},"43":{"start":{"line":115,"column":4},"end":{"line":119,"column":6}},"44":{"start":{"line":122,"column":2},"end":{"line":128,"column":3}},"45":{"start":{"line":123,"column":4},"end":{"line":127,"column":6}},"46":{"start":{"line":130,"column":26},"end":{"line":130,"column":55}},"47":{"start":{"line":132,"column":2},"end":{"line":315,"column":4}},"48":{"start":{"line":207,"column":16},"end":{"line":208,"column":null}},"49":{"start":{"line":225,"column":16},"end":{"line":226,"column":null}},"50":{"start":{"line":248,"column":14},"end":{"line":249,"column":null}},"51":{"start":{"line":272,"column":24},"end":{"line":272,"column":65}},"52":{"start":{"line":292,"column":29},"end":{"line":292,"column":52}},"53":{"start":{"line":306,"column":29},"end":{"line":306,"column":51}},"54":{"start":{"line":39,"column":13},"end":{"line":39,"column":77}}},"fnMap":{"0":{"name":"(anonymous_1)","decl":{"start":{"line":39,"column":77},"end":{"line":39,"column":78}},"loc":{"start":{"line":42,"column":5},"end":{"line":316,"column":1}}},"1":{"name":"(anonymous_2)","decl":{"start":{"line":48,"column":13},"end":{"line":48,"column":18}},"loc":{"start":{"line":48,"column":24},"end":{"line":51,"column":5}}},"2":{"name":"(anonymous_3)","decl":{"start":{"line":59,"column":13},"end":{"line":59,"column":18}},"loc":{"start":{"line":59,"column":24},"end":{"line":63,"column":5}}},"3":{"name":"(anonymous_4)","decl":{"start":{"line":62,"column":25},"end":{"line":62,"column":26}},"loc":{"start":{"line":62,"column":51},"end":{"line":62,"column":94}}},"4":{"name":"(anonymous_5)","decl":{"start":{"line":67,"column":36},"end":{"line":67,"column":39}},"loc":{"start":{"line":67,"column":41},"end":{"line":80,"column":3}}},"5":{"name":"(anonymous_6)","decl":{"start":{"line":70,"column":41},"end":{"line":70,"column":42}},"loc":{"start":{"line":70,"column":64},"end":{"line":70,"column":83}}},"6":{"name":"(anonymous_7)","decl":{"start":{"line":71,"column":43},"end":{"line":71,"column":44}},"loc":{"start":{"line":71,"column":66},"end":{"line":71,"column":87}}},"7":{"name":"(anonymous_8)","decl":{"start":{"line":82,"column":28},"end":{"line":82,"column":29}},"loc":{"start":{"line":82,"column":46},"end":{"line":87,"column":3}}},"8":{"name":"(anonymous_9)","decl":{"start":{"line":89,"column":23},"end":{"line":89,"column":24}},"loc":{"start":{"line":89,"column":41},"end":{"line":100,"column":3}}},"9":{"name":"(anonymous_10)","decl":{"start":{"line":206,"column":64},"end":{"line":206,"column":65}},"loc":{"start":{"line":207,"column":16},"end":{"line":208,"column":null}}},"10":{"name":"(anonymous_11)","decl":{"start":{"line":224,"column":66},"end":{"line":224,"column":67}},"loc":{"start":{"line":225,"column":16},"end":{"line":226,"column":null}}},"11":{"name":"(anonymous_12)","decl":{"start":{"line":247,"column":46},"end":{"line":247,"column":47}},"loc":{"start":{"line":248,"column":14},"end":{"line":249,"column":null}}},"12":{"name":"(anonymous_13)","decl":{"start":{"line":271,"column":72},"end":{"line":271,"column":73}},"loc":{"start":{"line":272,"column":24},"end":{"line":272,"column":65}}},"13":{"name":"(anonymous_14)","decl":{"start":{"line":292,"column":23},"end":{"line":292,"column":26}},"loc":{"start":{"line":292,"column":29},"end":{"line":292,"column":52}}},"14":{"name":"(anonymous_15)","decl":{"start":{"line":306,"column":23},"end":{"line":306,"column":26}},"loc":{"start":{"line":306,"column":29},"end":{"line":306,"column":51}}}},"branchMap":{"0":{"loc":{"start":{"line":41,"column":2},"end":{"line":41,"column":16}},"type":"default-arg","locations":[{"start":{"line":41,"column":14},"end":{"line":41,"column":16}}]},"1":{"loc":{"start":{"line":60,"column":6},"end":{"line":60,"column":49}},"type":"if","locations":[{"start":{"line":60,"column":6},"end":{"line":60,"column":49}}]},"2":{"loc":{"start":{"line":68,"column":4},"end":{"line":68,"column":37}},"type":"if","locations":[{"start":{"line":68,"column":4},"end":{"line":68,"column":37}}]},"3":{"loc":{"start":{"line":73,"column":4},"end":{"line":73,"column":46}},"type":"if","locations":[{"start":{"line":73,"column":4},"end":{"line":73,"column":46}}]},"4":{"loc":{"start":{"line":73,"column":8},"end":{"line":73,"column":32}},"type":"binary-expr","locations":[{"start":{"line":73,"column":8},"end":{"line":73,"column":17}},{"start":{"line":73,"column":21},"end":{"line":73,"column":32}}]},"5":{"loc":{"start":{"line":84,"column":4},"end":{"line":84,"column":60}},"type":"if","locations":[{"start":{"line":84,"column":4},"end":{"line":84,"column":60}}]},"6":{"loc":{"start":{"line":85,"column":4},"end":{"line":85,"column":99}},"type":"if","locations":[{"start":{"line":85,"column":4},"end":{"line":85,"column":99}}]},"7":{"loc":{"start":{"line":85,"column":31},"end":{"line":85,"column":98}},"type":"cond-expr","locations":[{"start":{"line":85,"column":43},"end":{"line":85,"column":69}},{"start":{"line":85,"column":72},"end":{"line":85,"column":98}}]},"8":{"loc":{"start":{"line":86,"column":11},"end":{"line":86,"column":80}},"type":"cond-expr","locations":[{"start":{"line":86,"column":23},"end":{"line":86,"column":50}},{"start":{"line":86,"column":53},"end":{"line":86,"column":80}}]},"9":{"loc":{"start":{"line":91,"column":4},"end":{"line":91,"column":57}},"type":"if","locations":[{"start":{"line":91,"column":4},"end":{"line":91,"column":57}}]},"10":{"loc":{"start":{"line":92,"column":4},"end":{"line":96,"column":5}},"type":"if","locations":[{"start":{"line":92,"column":4},"end":{"line":96,"column":5}}]},"11":{"loc":{"start":{"line":93,"column":13},"end":{"line":95,"column":50}},"type":"cond-expr","locations":[{"start":{"line":94,"column":10},"end":{"line":94,"column":48}},{"start":{"line":95,"column":10},"end":{"line":95,"column":50}}]},"12":{"loc":{"start":{"line":97,"column":11},"end":{"line":99,"column":53}},"type":"cond-expr","locations":[{"start":{"line":98,"column":8},"end":{"line":98,"column":51}},{"start":{"line":99,"column":8},"end":{"line":99,"column":53}}]},"13":{"loc":{"start":{"line":102,"column":2},"end":{"line":112,"column":3}},"type":"if","locations":[{"start":{"line":102,"column":2},"end":{"line":112,"column":3}}]},"14":{"loc":{"start":{"line":108,"column":35},"end":{"line":108,"column":86}},"type":"binary-expr","locations":[{"start":{"line":108,"column":35},"end":{"line":108,"column":58}},{"start":{"line":108,"column":62},"end":{"line":108,"column":86}}]},"15":{"loc":{"start":{"line":114,"column":2},"end":{"line":120,"column":3}},"type":"if","locations":[{"start":{"line":114,"column":2},"end":{"line":120,"column":3}}]},"16":{"loc":{"start":{"line":122,"column":2},"end":{"line":128,"column":3}},"type":"if","locations":[{"start":{"line":122,"column":2},"end":{"line":128,"column":3}}]},"17":{"loc":{"start":{"line":164,"column":9},"end":{"line":181,"column":null}},"type":"binary-expr","locations":[{"start":{"line":164,"column":9},"end":{"line":164,"column":26}},{"start":{"line":165,"column":10},"end":{"line":180,"column":null}}]},"18":{"loc":{"start":{"line":171,"column":37},"end":{"line":171,"column":100}},"type":"cond-expr","locations":[{"start":{"line":171,"column":65},"end":{"line":171,"column":81}},{"start":{"line":171,"column":84},"end":{"line":171,"column":100}}]},"19":{"loc":{"start":{"line":174,"column":28},"end":{"line":174,"column":73}},"type":"cond-expr","locations":[{"start":{"line":174,"column":56},"end":{"line":174,"column":62}},{"start":{"line":174,"column":65},"end":{"line":174,"column":73}}]},"20":{"loc":{"start":{"line":215,"column":15},"end":{"line":216,"column":null}},"type":"binary-expr","locations":[{"start":{"line":215,"column":15},"end":{"line":215,"column":72}},{"start":{"line":216,"column":16},"end":{"line":216,"column":103}}]},"21":{"loc":{"start":{"line":233,"column":15},"end":{"line":234,"column":null}},"type":"binary-expr","locations":[{"start":{"line":233,"column":15},"end":{"line":233,"column":74}},{"start":{"line":234,"column":16},"end":{"line":234,"column":105}}]},"22":{"loc":{"start":{"line":242,"column":7},"end":{"line":280,"column":null}},"type":"binary-expr","locations":[{"start":{"line":242,"column":7},"end":{"line":242,"column":46}},{"start":{"line":243,"column":8},"end":{"line":279,"column":null}}]},"23":{"loc":{"start":{"line":251,"column":18},"end":{"line":252,"column":null}},"type":"cond-expr","locations":[{"start":{"line":251,"column":44},"end":{"line":251,"column":57}},{"start":{"line":252,"column":18},"end":{"line":252,"column":null}}]},"24":{"loc":{"start":{"line":252,"column":18},"end":{"line":252,"column":null}},"type":"cond-expr","locations":[{"start":{"line":252,"column":46},"end":{"line":252,"column":58}},{"start":{"line":252,"column":61},"end":{"line":252,"column":null}}]},"25":{"loc":{"start":{"line":258,"column":20},"end":{"line":259,"column":null}},"type":"cond-expr","locations":[{"start":{"line":258,"column":46},"end":{"line":258,"column":62}},{"start":{"line":259,"column":20},"end":{"line":259,"column":null}}]},"26":{"loc":{"start":{"line":259,"column":20},"end":{"line":259,"column":null}},"type":"cond-expr","locations":[{"start":{"line":259,"column":48},"end":{"line":259,"column":63}},{"start":{"line":259,"column":66},"end":{"line":259,"column":null}}]},"27":{"loc":{"start":{"line":264,"column":20},"end":{"line":265,"column":null}},"type":"cond-expr","locations":[{"start":{"line":264,"column":46},"end":{"line":264,"column":62}},{"start":{"line":265,"column":20},"end":{"line":265,"column":null}}]},"28":{"loc":{"start":{"line":265,"column":20},"end":{"line":265,"column":null}},"type":"cond-expr","locations":[{"start":{"line":265,"column":48},"end":{"line":265,"column":63}},{"start":{"line":265,"column":66},"end":{"line":265,"column":null}}]},"29":{"loc":{"start":{"line":269,"column":19},"end":{"line":274,"column":null}},"type":"binary-expr","locations":[{"start":{"line":269,"column":19},"end":{"line":269,"column":42}},{"start":{"line":269,"column":46},"end":{"line":269,"column":80}},{"start":{"line":270,"column":20},"end":{"line":273,"column":null}}]},"30":{"loc":{"start":{"line":272,"column":24},"end":{"line":272,"column":65}},"type":"cond-expr","locations":[{"start":{"line":272,"column":51},"end":{"line":272,"column":55}},{"start":{"line":272,"column":58},"end":{"line":272,"column":65}}]},"31":{"loc":{"start":{"line":289,"column":9},"end":{"line":311,"column":null}},"type":"cond-expr","locations":[{"start":{"line":290,"column":10},"end":{"line":297,"column":null}},{"start":{"line":300,"column":10},"end":{"line":310,"column":null}}]}},"s":{"0":1,"1":1,"2":1,"3":1,"4":1,"5":1,"6":5,"7":5,"8":3,"9":1,"10":5,"11":1,"12":0,"13":1,"14":1,"15":2,"16":5,"17":3,"18":3,"19":0,"20":0,"21":0,"22":0,"23":0,"24":0,"25":0,"26":5,"27":3,"28":3,"29":0,"30":3,"31":1,"32":2,"33":5,"34":3,"35":3,"36":0,"37":3,"38":1,"39":2,"40":5,"41":1,"42":4,"43":3,"44":1,"45":0,"46":1,"47":1,"48":3,"49":2,"50":1,"51":3,"52":0,"53":0,"54":1},"f":{"0":5,"1":3,"2":1,"3":2,"4":3,"5":0,"6":0,"7":3,"8":3,"9":3,"10":2,"11":1,"12":3,"13":0,"14":0},"b":{"0":[5],"1":[0],"2":[3],"3":[0],"4":[0,0],"5":[0],"6":[1],"7":[1,0],"8":[2,0],"9":[0],"10":[1],"11":[1,0],"12":[2,0],"13":[1],"14":[1,0],"15":[3],"16":[0],"17":[1,0],"18":[0,0],"19":[0,0],"20":[1,0],"21":[1,0],"22":[1,1],"23":[1,0],"24":[0,0],"25":[1,0],"26":[0,0],"27":[1,0],"28":[0,0],"29":[1,1,1],"30":[3,0],"31":[0,1]}}
}
