TN:
SF:src/components/BiasExplainer.tsx
FN:47,(anonymous_1)
FN:58,(anonymous_2)
FN:62,(anonymous_3)
FN:75,(anonymous_4)
FN:85,(anonymous_5)
FN:96,(anonymous_6)
FN:104,(anonymous_7)
FN:126,(anonymous_8)
FN:139,(anonymous_9)
FN:142,(anonymous_10)
FN:199,(anonymous_11)
FN:201,(anonymous_12)
FN:202,(anonymous_13)
FN:257,(anonymous_14)
FN:279,(anonymous_15)
FN:301,(anonymous_16)
FNF:16
FNH:13
FNDA:8,(anonymous_1)
FNDA:3,(anonymous_2)
FNDA:5,(anonymous_3)
FNDA:1,(anonymous_4)
FNDA:1,(anonymous_5)
FNDA:2,(anonymous_6)
FNDA:2,(anonymous_7)
FNDA:1,(anonymous_8)
FNDA:0,(anonymous_9)
FNDA:5,(anonymous_10)
FNDA:14,(anonymous_11)
FNDA:14,(anonymous_12)
FNDA:0,(anonymous_13)
FNDA:2,(anonymous_14)
FNDA:0,(anonymous_15)
FNDA:2,(anonymous_16)
DA:1,2
DA:2,2
DA:3,2
DA:4,2
DA:47,2
DA:50,8
DA:51,8
DA:52,8
DA:53,8
DA:56,8
DA:59,3
DA:60,3
DA:61,3
DA:62,5
DA:64,2
DA:65,2
DA:67,1
DA:68,1
DA:73,8
DA:76,1
DA:80,1
DA:85,8
DA:86,1
DA:88,1
DA:89,1
DA:90,1
DA:92,1
DA:96,8
DA:97,2
DA:98,0
DA:99,0
DA:100,0
DA:101,0
DA:104,8
DA:105,2
DA:106,0
DA:107,0
DA:108,0
DA:109,0
DA:112,8
DA:126,1
DA:139,0
DA:143,5
DA:201,14
DA:202,14
DA:205,14
DA:206,14
DA:209,14
DA:210,14
DA:212,14
DA:213,2
DA:214,2
DA:216,14
DA:217,0
DA:218,0
DA:221,14
DA:257,2
DA:279,0
DA:301,2
LF:59
LH:47
BRDA:48,0,0,8
BRDA:78,1,0,1
BRDA:78,1,1,1
BRDA:86,2,0,0
BRDA:97,3,0,2
BRDA:98,4,0,0
BRDA:99,5,0,0
BRDA:100,6,0,0
BRDA:105,7,0,2
BRDA:106,8,0,0
BRDA:107,9,0,0
BRDA:108,10,0,0
BRDA:154,11,0,8
BRDA:154,11,1,6
BRDA:157,12,0,8
BRDA:157,12,1,2
BRDA:163,13,0,8
BRDA:163,13,1,1
BRDA:169,14,0,8
BRDA:169,14,1,0
BRDA:174,15,0,0
BRDA:174,15,1,0
BRDA:179,16,0,8
BRDA:179,16,1,2
BRDA:179,16,2,2
BRDA:184,17,0,2
BRDA:184,17,1,0
BRDA:206,18,0,12
BRDA:206,18,1,2
BRDA:212,19,0,2
BRDA:214,20,0,2
BRDA:214,20,1,0
BRDA:216,21,0,0
BRDA:218,22,0,0
BRDA:218,22,1,0
BRDA:256,23,0,2
BRDA:256,23,1,0
BRDA:278,24,0,0
BRDA:278,24,1,2
BRDA:300,25,0,2
BRDA:300,25,1,0
BRDA:310,26,0,2
BRDA:310,26,1,0
BRDA:318,27,0,0
BRDA:318,27,1,0
BRDA:324,28,0,0
BRDA:324,28,1,0
BRDA:329,29,0,0
BRDA:329,29,1,0
BRDA:332,30,0,0
BRDA:332,30,1,0
BRDA:346,31,0,2
BRDA:346,31,1,0
BRDA:349,32,0,2
BRDA:349,32,1,0
BRDA:352,33,0,2
BRDA:352,33,1,0
BRDA:355,34,0,2
BRDA:355,34,1,0
BRDA:365,35,0,2
BRDA:365,35,1,0
BRDA:367,36,0,0
BRDA:367,36,1,0
BRF:63
BRH:29
end_of_record
TN:
SF:src/components/ProfessorBiasDashboard.tsx
FN:39,(anonymous_1)
FN:48,(anonymous_2)
FN:59,(anonymous_3)
FN:62,(anonymous_4)
FN:67,(anonymous_5)
FN:70,(anonymous_6)
FN:71,(anonymous_7)
FN:82,(anonymous_8)
FN:89,(anonymous_9)
FN:206,(anonymous_10)
FN:224,(anonymous_11)
FN:247,(anonymous_12)
FN:271,(anonymous_13)
FN:292,(anonymous_14)
FN:306,(anonymous_15)
FNF:15
FNH:11
FNDA:5,(anonymous_1)
FNDA:3,(anonymous_2)
FNDA:1,(anonymous_3)
FNDA:2,(anonymous_4)
FNDA:3,(anonymous_5)
FNDA:0,(anonymous_6)
FNDA:0,(anonymous_7)
FNDA:3,(anonymous_8)
FNDA:3,(anonymous_9)
FNDA:3,(anonymous_10)
FNDA:2,(anonymous_11)
FNDA:1,(anonymous_12)
FNDA:3,(anonymous_13)
FNDA:0,(anonymous_14)
FNDA:0,(anonymous_15)
DA:1,1
DA:2,1
DA:3,1
DA:4,1
DA:5,1
DA:39,1
DA:43,5
DA:46,5
DA:49,3
DA:50,1
DA:57,5
DA:60,1
DA:61,1
DA:62,2
DA:67,5
DA:68,3
DA:70,0
DA:71,0
DA:73,0
DA:75,0
DA:82,5
DA:83,3
DA:84,3
DA:85,3
DA:86,2
DA:89,5
DA:90,3
DA:91,3
DA:92,3
DA:93,1
DA:97,2
DA:102,5
DA:103,1
DA:114,4
DA:115,3
DA:122,1
DA:123,0
DA:130,1
DA:132,1
DA:207,3
DA:225,2
DA:248,1
DA:272,3
DA:292,0
DA:306,0
LF:45
LH:38
BRDA:41,0,0,5
BRDA:60,1,0,0
BRDA:68,2,0,3
BRDA:73,3,0,0
BRDA:73,4,0,0
BRDA:73,4,1,0
BRDA:84,5,0,0
BRDA:85,6,0,1
BRDA:85,7,0,1
BRDA:85,7,1,0
BRDA:86,8,0,2
BRDA:86,8,1,0
BRDA:91,9,0,0
BRDA:92,10,0,1
BRDA:93,11,0,1
BRDA:93,11,1,0
BRDA:97,12,0,2
BRDA:97,12,1,0
BRDA:102,13,0,1
BRDA:108,14,0,1
BRDA:108,14,1,0
BRDA:114,15,0,3
BRDA:122,16,0,0
BRDA:164,17,0,1
BRDA:164,17,1,0
BRDA:171,18,0,0
BRDA:171,18,1,0
BRDA:174,19,0,0
BRDA:174,19,1,0
BRDA:215,20,0,1
BRDA:215,20,1,0
BRDA:233,21,0,1
BRDA:233,21,1,0
BRDA:242,22,0,1
BRDA:242,22,1,1
BRDA:251,23,0,1
BRDA:251,23,1,0
BRDA:252,24,0,0
BRDA:252,24,1,0
BRDA:258,25,0,1
BRDA:258,25,1,0
BRDA:259,26,0,0
BRDA:259,26,1,0
BRDA:264,27,0,1
BRDA:264,27,1,0
BRDA:265,28,0,0
BRDA:265,28,1,0
BRDA:269,29,0,1
BRDA:269,29,1,1
BRDA:269,29,2,1
BRDA:272,30,0,3
BRDA:272,30,1,0
BRDA:289,31,0,0
BRDA:289,31,1,1
BRF:54
BRH:24
end_of_record
